<?xml version="1.0" encoding="UTF-8"?>
<!-- Generated by org.testng.reporters.JUnitXMLReporter -->
<testsuite hostname="EPBYMINW3159" name="Default test" tests="5" failures="0" timestamp="10 Aug 2018 15:25:41 GMT" time="66.775" errors="0">
  <testcase name="mailRuLoginTest" time="4.594" classname="tests.MailCreationTest"/>
  <testcase name="mailRuMailCreationTest" time="3.056" classname="tests.MailCreationTest"/>
  <testcase name="mailRuMailSendingTest" time="24.838" classname="tests.MailSendTest"/>
  <testcase name="mailRuMailDeleteTest" time="7.893" classname="tests.MailDeleteTest"/>
  <testcase name="dragNDropMailTest" time="4.948" classname="tests.MailDeleteTest"/>
</testsuite> <!-- Default test -->
