<?xml version="1.0" encoding="UTF-8"?>
<testng-results skipped="0" failed="0" total="5" passed="5">
  <reporter-output>
    <line>
      <![CDATA[Login to mail.ru by: User [login=vra_atmmodule5, password=123456789_Vra]]]>
    </line>
    <line>
      <![CDATA[Email creation is started...]]>
    </line>
    <line>
      <![CDATA[Check if email exists in Draft folder...]]>
    </line>
    <line>
      <![CDATA[Login to mail.ru by: User [login=vra_atmmodule5, password=123456789_Vra]]]>
    </line>
    <line>
      <![CDATA[Open draft email...]]>
    </line>
    <line>
      <![CDATA[Email is sent..]]>
    </line>
    <line>
      <![CDATA[Check if email exists in Draft folder...]]>
    </line>
    <line>
      <![CDATA[Check if email is in sent folder...]]>
    </line>
    <line>
      <![CDATA[Login to mail.ru by: User [login=vra_atmmodule6, password=123456789_Vra]]]>
    </line>
    <line>
      <![CDATA[Login to mail.ru by: User [login=vra_atmmodule6, password=123456789_Vra]]]>
    </line>
  </reporter-output>
  <suite name="Default suite" duration-ms="66775" started-at="2018-08-10T15:24:34Z" finished-at="2018-08-10T15:25:41Z">
    <groups>
      <group name="test_3">
        <method signature="MailDeleteTest.mailRuMailDeleteTest()[pri:0, instance:tests.MailDeleteTest@3ab39c39]" name="mailRuMailDeleteTest" class="tests.MailDeleteTest"/>
        <method signature="MailDeleteTest.dragNDropMailTest()[pri:0, instance:tests.MailDeleteTest@3ab39c39]" name="dragNDropMailTest" class="tests.MailDeleteTest"/>
      </group> <!-- test_3 -->
      <group name="test_2">
        <method signature="MailSendTest.mailRuMailSendingTest()[pri:0, instance:tests.MailSendTest@445b84c0]" name="mailRuMailSendingTest" class="tests.MailSendTest"/>
      </group> <!-- test_2 -->
      <group name="test_1">
        <method signature="MailCreationTest.mailRuLoginTest()[pri:0, instance:tests.MailCreationTest@2b80d80f]" name="mailRuLoginTest" class="tests.MailCreationTest"/>
        <method signature="MailCreationTest.mailRuMailCreationTest()[pri:0, instance:tests.MailCreationTest@2b80d80f]" name="mailRuMailCreationTest" class="tests.MailCreationTest"/>
      </group> <!-- test_1 -->
    </groups>
    <test name="Default test" duration-ms="66775" started-at="2018-08-10T15:24:34Z" finished-at="2018-08-10T15:25:41Z">
      <class name="tests.MailDeleteTest">
        <test-method status="PASS" signature="startBrowser()[pri:0, instance:tests.MailDeleteTest@3ab39c39]" name="startBrowser" is-config="true" duration-ms="4958" started-at="2018-08-10T18:25:21Z" finished-at="2018-08-10T18:25:26Z">
          <reporter-output>
          </reporter-output>
        </test-method> <!-- startBrowser -->
        <test-method status="PASS" signature="mailRuMailDeleteTest()[pri:0, instance:tests.MailDeleteTest@3ab39c39]" name="mailRuMailDeleteTest" duration-ms="7893" depends-on-groups="test_2" started-at="2018-08-10T18:25:26Z" description="Mail delete" finished-at="2018-08-10T18:25:34Z">
          <reporter-output>
            <line>
              <![CDATA[Login to mail.ru by: User [login=vra_atmmodule6, password=123456789_Vra]]]>
            </line>
          </reporter-output>
        </test-method> <!-- mailRuMailDeleteTest -->
        <test-method name="dragNDropMailTest" signature="dragNDropMailTest()[pri:0, instance:tests.MailDeleteTest@3ab39c39]" depends-on-groups="test_2" status="PASS" duration-ms="4948" finished-at="2018-08-10T18:25:39Z" started-at="2018-08-10T18:25:34Z" depends-on-methods="tests.MailDeleteTest.mailRuMailDeleteTest" description="Mail drag and drop from Basket to DRAFT">
          <reporter-output>
          </reporter-output>
        </test-method> <!-- dragNDropMailTest -->
        <test-method status="PASS" signature="stopBrowser()[pri:0, instance:tests.MailDeleteTest@3ab39c39]" name="stopBrowser" is-config="true" duration-ms="1839" started-at="2018-08-10T18:25:39Z" description="Stop Browser" finished-at="2018-08-10T18:25:41Z">
          <reporter-output>
          </reporter-output>
        </test-method> <!-- stopBrowser -->
      </class> <!-- tests.MailDeleteTest -->
      <class name="tests.MailSendTest">
        <test-method status="PASS" signature="startBrowser()[pri:0, instance:tests.MailSendTest@445b84c0]" name="startBrowser" is-config="true" duration-ms="5009" started-at="2018-08-10T18:24:50Z" finished-at="2018-08-10T18:24:55Z">
          <reporter-output>
          </reporter-output>
        </test-method> <!-- startBrowser -->
        <test-method status="PASS" signature="mailRuMailSendingTest()[pri:0, instance:tests.MailSendTest@445b84c0]" name="mailRuMailSendingTest" duration-ms="24838" depends-on-groups="test_1" started-at="2018-08-10T18:24:55Z" description="Mail sending" finished-at="2018-08-10T18:25:20Z">
          <reporter-output>
            <line>
              <![CDATA[Login to mail.ru by: User [login=vra_atmmodule5, password=123456789_Vra]]]>
            </line>
            <line>
              <![CDATA[Open draft email...]]>
            </line>
            <line>
              <![CDATA[Email is sent..]]>
            </line>
            <line>
              <![CDATA[Check if email exists in Draft folder...]]>
            </line>
            <line>
              <![CDATA[Check if email is in sent folder...]]>
            </line>
            <line>
              <![CDATA[Login to mail.ru by: User [login=vra_atmmodule6, password=123456789_Vra]]]>
            </line>
          </reporter-output>
        </test-method> <!-- mailRuMailSendingTest -->
        <test-method status="PASS" signature="stopBrowser()[pri:0, instance:tests.MailSendTest@445b84c0]" name="stopBrowser" is-config="true" duration-ms="1544" started-at="2018-08-10T18:25:20Z" description="Stop Browser" finished-at="2018-08-10T18:25:21Z">
          <reporter-output>
          </reporter-output>
        </test-method> <!-- stopBrowser -->
      </class> <!-- tests.MailSendTest -->
      <class name="tests.MailCreationTest">
        <test-method status="PASS" signature="startBrowser()[pri:0, instance:tests.MailCreationTest@2b80d80f]" name="startBrowser" is-config="true" duration-ms="5990" started-at="2018-08-10T18:24:34Z" finished-at="2018-08-10T18:24:40Z">
          <reporter-output>
          </reporter-output>
        </test-method> <!-- startBrowser -->
        <test-method status="PASS" signature="mailRuLoginTest()[pri:0, instance:tests.MailCreationTest@2b80d80f]" name="mailRuLoginTest" duration-ms="4594" started-at="2018-08-10T18:24:40Z" description="Login to mail.ru" finished-at="2018-08-10T18:24:45Z">
          <reporter-output>
            <line>
              <![CDATA[Login to mail.ru by: User [login=vra_atmmodule5, password=123456789_Vra]]]>
            </line>
          </reporter-output>
        </test-method> <!-- mailRuLoginTest -->
        <test-method status="PASS" signature="mailRuMailCreationTest()[pri:0, instance:tests.MailCreationTest@2b80d80f]" name="mailRuMailCreationTest" duration-ms="3056" started-at="2018-08-10T18:24:45Z" description="Mail creation" depends-on-methods="tests.MailCreationTest.mailRuLoginTest" finished-at="2018-08-10T18:24:48Z">
          <reporter-output>
            <line>
              <![CDATA[Email creation is started...]]>
            </line>
            <line>
              <![CDATA[Check if email exists in Draft folder...]]>
            </line>
          </reporter-output>
        </test-method> <!-- mailRuMailCreationTest -->
        <test-method status="PASS" signature="stopBrowser()[pri:0, instance:tests.MailCreationTest@2b80d80f]" name="stopBrowser" is-config="true" duration-ms="2091" started-at="2018-08-10T18:24:48Z" description="Stop Browser" finished-at="2018-08-10T18:24:50Z">
          <reporter-output>
          </reporter-output>
        </test-method> <!-- stopBrowser -->
      </class> <!-- tests.MailCreationTest -->
    </test> <!-- Default test -->
  </suite> <!-- Default suite -->
</testng-results>
